Load "e:\\project\\ARM\\bldc\\bldc_gimbal\\MDK\\Objects\\bldc_gimbal.axf" 
* JLink Info: Device "BLUENRG1" selected.
Set JLink Project File to "e:\project\ARM\bldc\bldc_gimbal\MDK\JLinkSettings.ini"* JLink Info: Device "BLUENRG1" selected.

JLink info:
------------
DLL: V7.82 , compiled Oct 13 2022 13:32:51
Firmware: J-Link ARM-OB STM32 compiled Aug 22 2012 19:52:04
Hardware: V7.00
S/N : 20090929 
Feature(s) : RDI,FlashDL,FlashBP,JFlash,GDBFull 

* JLink Info: Failed to attach to CPU. Trying connect under reset.
* JLink Info: Found SW-DP with ID 0x0BB11477
* JLink Info: SWD speed too high. Reduced from 4000 kHz to 1138 kHz for stability
* JLink Info: DPv0 detected
* JLink Info: CoreSight SoC-400 or earlier
* JLink Info: Scanning AP map to find all available APs
* JLink Info: AP[1]: Stopped AP scan as end of AP map has been reached
* JLink Info: AP[0]: AHB-AP (IDR: 0x04770021)
* JLink Info: Iterating through AP map to find AHB-AP to use
* JLink Info: AP[0]: Core found
* JLink Info: AP[0]: AHB-AP ROM base: 0xE00FF000
* JLink Info: CPUID register: 0x410CC200. Implementer code: 0x41 (ARM)
* JLink Info: Found Cortex-M0 r0p0, Little endian.
* JLink Info: FPUnit: 4 code (BP) slots and 0 literal slots
* JLink Info: CoreSight components:
* JLink Info: ROMTbl[0] @ E00FF000
* JLink Info: [0][0]: E000E000 CID B105E00D PID 000BB008 SCS
* JLink Info: [0][1]: E0001000 CID B105E00D PID 000BB00A DWT
* JLink Info: [0][2]: E0002000 CID B105E00D PID 000BB00B FPB
* JLink Info: SetupTarget() start
* JLink Info: UnSec r0x00000000
* JLink Info: UnSec v0x5F3031FF
* JLink Info: SetupTarget() end
ROMTableAddr = 0xE00FF000
* JLink Info: ResetTarget() start
* JLink Info: Executing ResetTarget()
* JLink Info: ResetTarget() end

Target info:
------------
Device: HK32G003F4P7
VTarget = 3.300V
State of Pins: TCK: 0, TDI: 0, TDO: 1, TMS: 0, TRES: 1, TRST: 1
Hardware-Breakpoints: 4
Software-Breakpoints: 8192
Watchpoints:          2
JTAG speed: 1067 kHz

Erase Done.Programming Done.Verify OK.* JLink Info: ResetTarget() start
* JLink Info: Executing ResetTarget()
* JLink Info: ResetTarget() end
Application running ...
Flash Load finished at 18:40:30
